{
  "D:\\works\\design-sparx\\prism\\packages\\react\\src\\components\\button\\button.tsx": {
    "path": "D:\\works\\design-sparx\\prism\\packages\\react\\src\\components\\button\\button.tsx",
    "statementMap": {
      "0": {
        "start": { "line": 33, "column": 6 },
        "end": { "line": 101, "column": null }
      },
      "1": {
        "start": { "line": 142, "column": 15 },
        "end": { "line": 154, "column": null }
      },
      "2": {
        "start": { "line": 144, "column": 17 },
        "end": { "line": 144, "column": null }
      },
      "3": {
        "start": { "line": 146, "column": 4 },
        "end": { "line": 151, "column": null }
      },
      "4": {
        "start": { "line": 156, "column": 0 },
        "end": { "line": 156, "column": null }
      }
    },
    "fnMap": {
      "0": {
        "name": "(anonymous_0)",
        "decl": {
          "start": { "line": 143, "column": 2 },
          "end": { "line": 143, "column": 3 }
        },
        "loc": {
          "start": { "line": 143, "column": 68 },
          "end": { "line": 153, "column": null }
        },
        "line": 143
      }
    },
    "branchMap": {
      "0": {
        "loc": {
          "start": { "line": 143, "column": 31 },
          "end": { "line": 143, "column": 48 }
        },
        "type": "default-arg",
        "locations": [
          {
            "start": { "line": 143, "column": 41 },
            "end": { "line": 143, "column": 48 }
          }
        ],
        "line": 143
      },
      "1": {
        "loc": {
          "start": { "line": 144, "column": 17 },
          "end": { "line": 144, "column": null }
        },
        "type": "cond-expr",
        "locations": [
          {
            "start": { "line": 144, "column": 27 },
            "end": { "line": 144, "column": 34 }
          },
          {
            "start": { "line": 144, "column": 34 },
            "end": { "line": 144, "column": null }
          }
        ],
        "line": 144
      }
    },
    "s": { "0": 1, "1": 1, "2": 32, "3": 32, "4": 1 },
    "f": { "0": 32 },
    "b": { "0": [32], "1": [3, 29] },
    "meta": {
      "lastBranch": 2,
      "lastFunction": 1,
      "lastStatement": 5,
      "seen": {
        "s:33:6:101:Infinity": 0,
        "s:142:15:154:Infinity": 1,
        "f:143:2:143:3": 0,
        "b:143:41:143:48": 0,
        "s:144:17:144:Infinity": 2,
        "b:144:27:144:34:144:34:144:Infinity": 1,
        "s:146:4:151:Infinity": 3,
        "s:156:0:156:Infinity": 4
      }
    }
  }
}
